2022-11-28 22:46:13,300 INFO org.springframework.boot.StartupInfoLogger [restartedMain] Starting ClusterApplication using Java 18.0.2.1 on RASHIDBEK with PID 7172 (E:\projects\template-backend\target\classes started by arslon in E:\projects\template-backend)
2022-11-28 22:46:13,300 INFO org.springframework.boot.StartupInfoLogger [restartedMain] Starting ClusterApplication using Java 18.0.2.1 on RASHIDBEK with PID 7172 (E:\projects\template-backend\target\classes started by arslon in E:\projects\template-backend)
2022-11-28 22:46:13,304 INFO org.springframework.boot.SpringApplication [restartedMain] No active profile set, falling back to 1 default profile: "default"
2022-11-28 22:46:13,304 INFO org.springframework.boot.SpringApplication [restartedMain] No active profile set, falling back to 1 default profile: "default"
2022-11-28 22:46:16,859 INFO org.apache.juli.logging.DirectJDKLog [restartedMain] Initializing ProtocolHandler ["http-nio-6060"]
2022-11-28 22:46:16,860 INFO org.apache.juli.logging.DirectJDKLog [restartedMain] Initializing ProtocolHandler ["http-nio-7078"]
2022-11-28 22:46:16,864 INFO org.apache.juli.logging.DirectJDKLog [restartedMain] Starting service [Tomcat]
2022-11-28 22:46:16,864 INFO org.apache.juli.logging.DirectJDKLog [restartedMain] Starting Servlet engine: [Apache Tomcat/9.0.58]
2022-11-28 22:46:16,986 INFO org.apache.juli.logging.DirectJDKLog [restartedMain] Initializing Spring embedded WebApplicationContext
2022-11-28 22:46:17,810 INFO org.hibernate.jpa.internal.util.LogHelper [restartedMain] HHH000204: Processing PersistenceUnitInfo [name: default]
2022-11-28 22:46:17,906 INFO org.hibernate.Version [restartedMain] HHH000412: Hibernate ORM core version 5.6.5.Final
2022-11-28 22:46:18,046 INFO org.hibernate.annotations.common.reflection.java.JavaReflectionManager [restartedMain] HCANN000001: Hibernate Commons Annotations {5.1.2.Final}
2022-11-28 22:46:18,147 INFO com.zaxxer.hikari.HikariDataSource [restartedMain] SpringBootJPAHikariCP - Starting...
2022-11-28 22:46:18,331 INFO com.zaxxer.hikari.HikariDataSource [restartedMain] SpringBootJPAHikariCP - Start completed.
2022-11-28 22:46:18,350 INFO org.hibernate.dialect.Dialect [restartedMain] HHH000400: Using dialect: uz.cluster.configuration.PostgreSQLCustomDialect
2022-11-28 22:46:18,412 INFO org.hibernate.envers.boot.internal.EnversServiceImpl [restartedMain] Envers integration enabled? : true
2022-11-28 22:46:20,864 INFO org.hibernate.engine.transaction.jta.platform.internal.JtaPlatformInitiator [restartedMain] HHH000490: Using JtaPlatform implementation: [org.hibernate.engine.transaction.jta.platform.internal.NoJtaPlatform]
2022-11-28 22:46:21,498 WARN org.springframework.context.support.AbstractApplicationContext [restartedMain] Exception encountered during context initialization - cancelling refresh attempt: org.springframework.beans.factory.BeanCurrentlyInCreationException: Error creating bean with name 'webSecurityConfig': Requested bean is currently in creation: Is there an unresolvable circular reference?
2022-11-28 22:46:21,503 INFO com.zaxxer.hikari.HikariDataSource [restartedMain] SpringBootJPAHikariCP - Shutdown initiated...
2022-11-28 22:46:21,511 INFO com.zaxxer.hikari.HikariDataSource [restartedMain] SpringBootJPAHikariCP - Shutdown completed.
2022-11-28 22:46:21,525 INFO org.apache.juli.logging.DirectJDKLog [restartedMain] Stopping service [Tomcat]
2022-11-28 22:46:21,580 ERROR org.springframework.boot.SpringApplication [restartedMain] Application run failed
org.springframework.beans.factory.BeanCurrentlyInCreationException: Error creating bean with name 'webSecurityConfig': Requested bean is currently in creation: Is there an unresolvable circular reference?
	at org.springframework.beans.factory.support.DefaultSingletonBeanRegistry.beforeSingletonCreation(DefaultSingletonBeanRegistry.java:355)
	at org.springframework.beans.factory.support.DefaultSingletonBeanRegistry.getSingleton(DefaultSingletonBeanRegistry.java:227)
	at org.springframework.beans.factory.support.AbstractBeanFactory.doGetBean(AbstractBeanFactory.java:333)
	at org.springframework.beans.factory.support.AbstractBeanFactory.getBean(AbstractBeanFactory.java:208)
	at org.springframework.beans.factory.support.ConstructorResolver.instantiateUsingFactoryMethod(ConstructorResolver.java:410)
	at org.springframework.beans.factory.support.AbstractAutowireCapableBeanFactory.instantiateUsingFactoryMethod(AbstractAutowireCapableBeanFactory.java:1352)
	at org.springframework.beans.factory.support.AbstractAutowireCapableBeanFactory.createBeanInstance(AbstractAutowireCapableBeanFactory.java:1195)
	at org.springframework.beans.factory.support.AbstractAutowireCapableBeanFactory.doCreateBean(AbstractAutowireCapableBeanFactory.java:582)
	at org.springframework.beans.factory.support.AbstractAutowireCapableBeanFactory.createBean(AbstractAutowireCapableBeanFactory.java:542)
	at org.springframework.beans.factory.support.AbstractBeanFactory.lambda$doGetBean$0(AbstractBeanFactory.java:335)
	at org.springframework.beans.factory.support.DefaultSingletonBeanRegistry.getSingleton(DefaultSingletonBeanRegistry.java:234)
	at org.springframework.beans.factory.support.AbstractBeanFactory.doGetBean(AbstractBeanFactory.java:333)
	at org.springframework.beans.factory.support.AbstractBeanFactory.getBean(AbstractBeanFactory.java:208)
	at org.springframework.context.annotation.ConfigurationClassEnhancer$BeanMethodInterceptor.resolveBeanReference(ConfigurationClassEnhancer.java:362)
	at org.springframework.context.annotation.ConfigurationClassEnhancer$BeanMethodInterceptor.intercept(ConfigurationClassEnhancer.java:334)
	at uz.cluster.configuration.WebSecurityConfig$$EnhancerBySpringCGLIB$$1a19921a.passwordEncoder(<generated>)
	at uz.cluster.configuration.WebSecurityConfig.configureGlobal(WebSecurityConfig.java:69)
	at java.base/jdk.internal.reflect.DirectMethodHandleAccessor.invoke(DirectMethodHandleAccessor.java:104)
	at java.base/java.lang.reflect.Method.invoke(Method.java:577)
	at org.springframework.beans.factory.annotation.AutowiredAnnotationBeanPostProcessor$AutowiredMethodElement.inject(AutowiredAnnotationBeanPostProcessor.java:724)
	at org.springframework.beans.factory.annotation.InjectionMetadata.inject(InjectionMetadata.java:119)
	at org.springframework.beans.factory.annotation.AutowiredAnnotationBeanPostProcessor.postProcessProperties(AutowiredAnnotationBeanPostProcessor.java:399)
	at org.springframework.beans.factory.support.AbstractAutowireCapableBeanFactory.populateBean(AbstractAutowireCapableBeanFactory.java:1431)
	at org.springframework.beans.factory.support.AbstractAutowireCapableBeanFactory.doCreateBean(AbstractAutowireCapableBeanFactory.java:619)
	at org.springframework.beans.factory.support.AbstractAutowireCapableBeanFactory.createBean(AbstractAutowireCapableBeanFactory.java:542)
	at org.springframework.beans.factory.support.AbstractBeanFactory.lambda$doGetBean$0(AbstractBeanFactory.java:335)
	at org.springframework.beans.factory.support.DefaultSingletonBeanRegistry.getSingleton(DefaultSingletonBeanRegistry.java:234)
	at org.springframework.beans.factory.support.AbstractBeanFactory.doGetBean(AbstractBeanFactory.java:333)
	at org.springframework.beans.factory.support.AbstractBeanFactory.getBean(AbstractBeanFactory.java:208)
	at org.springframework.beans.factory.support.DefaultListableBeanFactory.preInstantiateSingletons(DefaultListableBeanFactory.java:953)
	at org.springframework.context.support.AbstractApplicationContext.finishBeanFactoryInitialization(AbstractApplicationContext.java:918)
	at org.springframework.context.support.AbstractApplicationContext.refresh(AbstractApplicationContext.java:583)
	at org.springframework.boot.web.servlet.context.ServletWebServerApplicationContext.refresh(ServletWebServerApplicationContext.java:145)
	at org.springframework.boot.SpringApplication.refresh(SpringApplication.java:740)
	at org.springframework.boot.SpringApplication.refreshContext(SpringApplication.java:415)
	at org.springframework.boot.SpringApplication.run(SpringApplication.java:303)
	at org.springframework.boot.SpringApplication.run(SpringApplication.java:1312)
	at org.springframework.boot.SpringApplication.run(SpringApplication.java:1301)
	at uz.cluster.ClusterApplication.main(ClusterApplication.java:55)
	at java.base/jdk.internal.reflect.DirectMethodHandleAccessor.invoke(DirectMethodHandleAccessor.java:104)
	at java.base/java.lang.reflect.Method.invoke(Method.java:577)
	at org.springframework.boot.devtools.restart.RestartLauncher.run(RestartLauncher.java:49)
2022-11-28 22:49:43,020 INFO org.springframework.boot.StartupInfoLogger [restartedMain] Starting ClusterApplication using Java 18.0.2.1 on RASHIDBEK with PID 2104 (E:\projects\template-backend\target\classes started by arslon in E:\projects\template-backend)
2022-11-28 22:49:43,020 INFO org.springframework.boot.StartupInfoLogger [restartedMain] Starting ClusterApplication using Java 18.0.2.1 on RASHIDBEK with PID 2104 (E:\projects\template-backend\target\classes started by arslon in E:\projects\template-backend)
2022-11-28 22:49:43,026 INFO org.springframework.boot.SpringApplication [restartedMain] No active profile set, falling back to 1 default profile: "default"
2022-11-28 22:49:43,026 INFO org.springframework.boot.SpringApplication [restartedMain] No active profile set, falling back to 1 default profile: "default"
2022-11-28 22:49:46,881 INFO org.apache.juli.logging.DirectJDKLog [restartedMain] Initializing ProtocolHandler ["http-nio-6060"]
2022-11-28 22:49:46,882 INFO org.apache.juli.logging.DirectJDKLog [restartedMain] Initializing ProtocolHandler ["http-nio-7078"]
2022-11-28 22:49:46,886 INFO org.apache.juli.logging.DirectJDKLog [restartedMain] Starting service [Tomcat]
2022-11-28 22:49:46,887 INFO org.apache.juli.logging.DirectJDKLog [restartedMain] Starting Servlet engine: [Apache Tomcat/9.0.58]
2022-11-28 22:49:47,016 INFO org.apache.juli.logging.DirectJDKLog [restartedMain] Initializing Spring embedded WebApplicationContext
2022-11-28 22:49:47,999 INFO org.hibernate.jpa.internal.util.LogHelper [restartedMain] HHH000204: Processing PersistenceUnitInfo [name: default]
2022-11-28 22:49:48,073 INFO org.hibernate.Version [restartedMain] HHH000412: Hibernate ORM core version 5.6.5.Final
2022-11-28 22:49:48,231 INFO org.hibernate.annotations.common.reflection.java.JavaReflectionManager [restartedMain] HCANN000001: Hibernate Commons Annotations {5.1.2.Final}
2022-11-28 22:49:48,385 INFO com.zaxxer.hikari.HikariDataSource [restartedMain] SpringBootJPAHikariCP - Starting...
2022-11-28 22:49:48,758 INFO com.zaxxer.hikari.HikariDataSource [restartedMain] SpringBootJPAHikariCP - Start completed.
2022-11-28 22:49:48,788 INFO org.hibernate.dialect.Dialect [restartedMain] HHH000400: Using dialect: uz.cluster.configuration.PostgreSQLCustomDialect
2022-11-28 22:49:48,881 INFO org.hibernate.envers.boot.internal.EnversServiceImpl [restartedMain] Envers integration enabled? : true
2022-11-28 22:49:51,888 INFO org.hibernate.engine.transaction.jta.platform.internal.JtaPlatformInitiator [restartedMain] HHH000490: Using JtaPlatform implementation: [org.hibernate.engine.transaction.jta.platform.internal.NoJtaPlatform]
2022-11-28 22:49:53,016 WARN org.springframework.context.support.AbstractApplicationContext [restartedMain] Exception encountered during context initialization - cancelling refresh attempt: org.springframework.beans.factory.UnsatisfiedDependencyException: Error creating bean with name 'webSecurityConfig' defined in file [E:\projects\template-backend\target\classes\uz\cluster\configuration\WebSecurityConfig.class]: Unsatisfied dependency expressed through constructor parameter 1; nested exception is org.springframework.beans.factory.NoSuchBeanDefinitionException: No qualifying bean of type 'org.springframework.security.crypto.password.PasswordEncoder' available: expected at least 1 bean which qualifies as autowire candidate. Dependency annotations: {}
2022-11-28 22:49:53,020 INFO com.zaxxer.hikari.HikariDataSource [restartedMain] SpringBootJPAHikariCP - Shutdown initiated...
2022-11-28 22:49:53,027 INFO com.zaxxer.hikari.HikariDataSource [restartedMain] SpringBootJPAHikariCP - Shutdown completed.
2022-11-28 22:49:53,034 INFO org.apache.juli.logging.DirectJDKLog [restartedMain] Stopping service [Tomcat]
2022-11-28 22:49:53,100 ERROR org.springframework.boot.diagnostics.LoggingFailureAnalysisReporter [restartedMain] 

***************************
APPLICATION FAILED TO START
***************************

Description:

Parameter 1 of constructor in uz.cluster.configuration.WebSecurityConfig required a bean of type 'org.springframework.security.crypto.password.PasswordEncoder' that could not be found.


Action:

Consider defining a bean of type 'org.springframework.security.crypto.password.PasswordEncoder' in your configuration.

2022-11-28 22:51:19,308 INFO org.springframework.boot.StartupInfoLogger [restartedMain] Starting ClusterApplication using Java 18.0.2.1 on RASHIDBEK with PID 17060 (E:\projects\template-backend\target\classes started by arslon in E:\projects\template-backend)
2022-11-28 22:51:19,308 INFO org.springframework.boot.StartupInfoLogger [restartedMain] Starting ClusterApplication using Java 18.0.2.1 on RASHIDBEK with PID 17060 (E:\projects\template-backend\target\classes started by arslon in E:\projects\template-backend)
2022-11-28 22:51:19,312 INFO org.springframework.boot.SpringApplication [restartedMain] No active profile set, falling back to 1 default profile: "default"
2022-11-28 22:51:19,312 INFO org.springframework.boot.SpringApplication [restartedMain] No active profile set, falling back to 1 default profile: "default"
2022-11-28 22:51:27,185 INFO org.apache.juli.logging.DirectJDKLog [restartedMain] Initializing ProtocolHandler ["http-nio-6060"]
2022-11-28 22:51:27,185 INFO org.apache.juli.logging.DirectJDKLog [restartedMain] Initializing ProtocolHandler ["http-nio-7078"]
2022-11-28 22:51:27,185 INFO org.apache.juli.logging.DirectJDKLog [restartedMain] Starting service [Tomcat]
2022-11-28 22:51:27,185 INFO org.apache.juli.logging.DirectJDKLog [restartedMain] Starting Servlet engine: [Apache Tomcat/9.0.58]
2022-11-28 22:51:27,294 INFO org.apache.juli.logging.DirectJDKLog [restartedMain] Initializing Spring embedded WebApplicationContext
2022-11-28 22:51:28,114 INFO org.hibernate.jpa.internal.util.LogHelper [restartedMain] HHH000204: Processing PersistenceUnitInfo [name: default]
2022-11-28 22:51:28,176 INFO org.hibernate.Version [restartedMain] HHH000412: Hibernate ORM core version 5.6.5.Final
2022-11-28 22:51:28,317 INFO org.hibernate.annotations.common.reflection.java.JavaReflectionManager [restartedMain] HCANN000001: Hibernate Commons Annotations {5.1.2.Final}
2022-11-28 22:51:28,426 INFO com.zaxxer.hikari.HikariDataSource [restartedMain] SpringBootJPAHikariCP - Starting...
2022-11-28 22:51:28,653 INFO com.zaxxer.hikari.HikariDataSource [restartedMain] SpringBootJPAHikariCP - Start completed.
2022-11-28 22:51:28,728 INFO org.hibernate.dialect.Dialect [restartedMain] HHH000400: Using dialect: uz.cluster.configuration.PostgreSQLCustomDialect
2022-11-28 22:51:28,828 INFO org.hibernate.envers.boot.internal.EnversServiceImpl [restartedMain] Envers integration enabled? : true
2022-11-28 22:51:33,654 INFO org.hibernate.engine.transaction.jta.platform.internal.JtaPlatformInitiator [restartedMain] HHH000490: Using JtaPlatform implementation: [org.hibernate.engine.transaction.jta.platform.internal.NoJtaPlatform]
2022-11-28 22:51:38,464 WARN org.springframework.context.support.AbstractApplicationContext [restartedMain] Exception encountered during context initialization - cancelling refresh attempt: org.springframework.beans.factory.UnsatisfiedDependencyException: Error creating bean with name 'webSecurityConfig' defined in file [E:\projects\template-backend\target\classes\uz\cluster\configuration\WebSecurityConfig.class]: Unsatisfied dependency expressed through constructor parameter 1; nested exception is org.springframework.beans.factory.NoSuchBeanDefinitionException: No qualifying bean of type 'org.springframework.security.crypto.password.PasswordEncoder' available: expected at least 1 bean which qualifies as autowire candidate. Dependency annotations: {}
2022-11-28 22:51:38,471 INFO com.zaxxer.hikari.HikariDataSource [restartedMain] SpringBootJPAHikariCP - Shutdown initiated...
2022-11-28 22:51:38,496 INFO com.zaxxer.hikari.HikariDataSource [restartedMain] SpringBootJPAHikariCP - Shutdown completed.
2022-11-28 22:51:38,503 INFO org.apache.juli.logging.DirectJDKLog [restartedMain] Stopping service [Tomcat]
2022-11-28 22:51:38,692 ERROR org.springframework.boot.diagnostics.LoggingFailureAnalysisReporter [restartedMain] 

***************************
APPLICATION FAILED TO START
***************************

Description:

Parameter 1 of constructor in uz.cluster.configuration.WebSecurityConfig required a bean of type 'org.springframework.security.crypto.password.PasswordEncoder' that could not be found.


Action:

Consider defining a bean of type 'org.springframework.security.crypto.password.PasswordEncoder' in your configuration.

2022-11-28 22:51:52,520 INFO org.springframework.boot.StartupInfoLogger [restartedMain] Starting ClusterApplication using Java 18.0.2.1 on RASHIDBEK with PID 19300 (E:\projects\template-backend\target\classes started by arslon in E:\projects\template-backend)
2022-11-28 22:51:52,520 INFO org.springframework.boot.StartupInfoLogger [restartedMain] Starting ClusterApplication using Java 18.0.2.1 on RASHIDBEK with PID 19300 (E:\projects\template-backend\target\classes started by arslon in E:\projects\template-backend)
2022-11-28 22:51:52,520 INFO org.springframework.boot.SpringApplication [restartedMain] No active profile set, falling back to 1 default profile: "default"
2022-11-28 22:51:52,520 INFO org.springframework.boot.SpringApplication [restartedMain] No active profile set, falling back to 1 default profile: "default"
2022-11-28 22:51:57,030 INFO org.apache.juli.logging.DirectJDKLog [restartedMain] Initializing ProtocolHandler ["http-nio-6060"]
2022-11-28 22:51:57,030 INFO org.apache.juli.logging.DirectJDKLog [restartedMain] Initializing ProtocolHandler ["http-nio-7078"]
2022-11-28 22:51:57,046 INFO org.apache.juli.logging.DirectJDKLog [restartedMain] Starting service [Tomcat]
2022-11-28 22:51:57,046 INFO org.apache.juli.logging.DirectJDKLog [restartedMain] Starting Servlet engine: [Apache Tomcat/9.0.58]
2022-11-28 22:51:57,965 INFO org.apache.juli.logging.DirectJDKLog [restartedMain] Initializing Spring embedded WebApplicationContext
2022-11-28 22:51:59,279 INFO org.hibernate.jpa.internal.util.LogHelper [restartedMain] HHH000204: Processing PersistenceUnitInfo [name: default]
2022-11-28 22:51:59,373 INFO org.hibernate.Version [restartedMain] HHH000412: Hibernate ORM core version 5.6.5.Final
2022-11-28 22:51:59,584 INFO org.hibernate.annotations.common.reflection.java.JavaReflectionManager [restartedMain] HCANN000001: Hibernate Commons Annotations {5.1.2.Final}
2022-11-28 22:51:59,751 INFO com.zaxxer.hikari.HikariDataSource [restartedMain] SpringBootJPAHikariCP - Starting...
2022-11-28 22:52:00,017 INFO com.zaxxer.hikari.HikariDataSource [restartedMain] SpringBootJPAHikariCP - Start completed.
2022-11-28 22:52:00,048 INFO org.hibernate.dialect.Dialect [restartedMain] HHH000400: Using dialect: uz.cluster.configuration.PostgreSQLCustomDialect
2022-11-28 22:52:00,142 INFO org.hibernate.envers.boot.internal.EnversServiceImpl [restartedMain] Envers integration enabled? : true
2022-11-28 22:52:02,971 INFO org.hibernate.engine.transaction.jta.platform.internal.JtaPlatformInitiator [restartedMain] HHH000490: Using JtaPlatform implementation: [org.hibernate.engine.transaction.jta.platform.internal.NoJtaPlatform]
2022-11-28 22:52:04,344 WARN org.springframework.context.support.AbstractApplicationContext [restartedMain] Exception encountered during context initialization - cancelling refresh attempt: org.springframework.beans.factory.UnsatisfiedDependencyException: Error creating bean with name 'authController' defined in file [E:\projects\template-backend\target\classes\uz\cluster\controllers\auth\AuthController.class]: Unsatisfied dependency expressed through constructor parameter 0; nested exception is org.springframework.beans.factory.UnsatisfiedDependencyException: Error creating bean with name 'authService' defined in file [E:\projects\template-backend\target\classes\uz\cluster\db\services\auth_service\AuthService.class]: Unsatisfied dependency expressed through constructor parameter 1; nested exception is org.springframework.beans.factory.NoSuchBeanDefinitionException: No qualifying bean of type 'org.springframework.security.crypto.password.PasswordEncoder' available: expected at least 1 bean which qualifies as autowire candidate. Dependency annotations: {}
2022-11-28 22:52:04,360 INFO com.zaxxer.hikari.HikariDataSource [restartedMain] SpringBootJPAHikariCP - Shutdown initiated...
2022-11-28 22:52:04,360 INFO com.zaxxer.hikari.HikariDataSource [restartedMain] SpringBootJPAHikariCP - Shutdown completed.
2022-11-28 22:52:04,375 INFO org.apache.juli.logging.DirectJDKLog [restartedMain] Stopping service [Tomcat]
2022-11-28 22:52:04,469 ERROR org.springframework.boot.diagnostics.LoggingFailureAnalysisReporter [restartedMain] 

***************************
APPLICATION FAILED TO START
***************************

Description:

Parameter 1 of constructor in uz.cluster.db.services.auth_service.AuthService required a bean of type 'org.springframework.security.crypto.password.PasswordEncoder' that could not be found.


Action:

Consider defining a bean of type 'org.springframework.security.crypto.password.PasswordEncoder' in your configuration.

2022-11-28 22:52:22,338 INFO org.springframework.boot.StartupInfoLogger [restartedMain] Starting ClusterApplication using Java 18.0.2.1 on RASHIDBEK with PID 16944 (E:\projects\template-backend\target\classes started by arslon in E:\projects\template-backend)
2022-11-28 22:52:22,338 INFO org.springframework.boot.StartupInfoLogger [restartedMain] Starting ClusterApplication using Java 18.0.2.1 on RASHIDBEK with PID 16944 (E:\projects\template-backend\target\classes started by arslon in E:\projects\template-backend)
2022-11-28 22:52:22,338 INFO org.springframework.boot.SpringApplication [restartedMain] No active profile set, falling back to 1 default profile: "default"
2022-11-28 22:52:22,338 INFO org.springframework.boot.SpringApplication [restartedMain] No active profile set, falling back to 1 default profile: "default"
2022-11-28 22:52:26,011 INFO org.apache.juli.logging.DirectJDKLog [restartedMain] Initializing ProtocolHandler ["http-nio-6060"]
2022-11-28 22:52:26,011 INFO org.apache.juli.logging.DirectJDKLog [restartedMain] Initializing ProtocolHandler ["http-nio-7078"]
2022-11-28 22:52:26,011 INFO org.apache.juli.logging.DirectJDKLog [restartedMain] Starting service [Tomcat]
2022-11-28 22:52:26,011 INFO org.apache.juli.logging.DirectJDKLog [restartedMain] Starting Servlet engine: [Apache Tomcat/9.0.58]
2022-11-28 22:52:26,120 INFO org.apache.juli.logging.DirectJDKLog [restartedMain] Initializing Spring embedded WebApplicationContext
2022-11-28 22:52:26,973 INFO org.hibernate.jpa.internal.util.LogHelper [restartedMain] HHH000204: Processing PersistenceUnitInfo [name: default]
2022-11-28 22:52:27,069 INFO org.hibernate.Version [restartedMain] HHH000412: Hibernate ORM core version 5.6.5.Final
2022-11-28 22:52:27,210 INFO org.hibernate.annotations.common.reflection.java.JavaReflectionManager [restartedMain] HCANN000001: Hibernate Commons Annotations {5.1.2.Final}
2022-11-28 22:52:27,303 INFO com.zaxxer.hikari.HikariDataSource [restartedMain] SpringBootJPAHikariCP - Starting...
2022-11-28 22:52:27,506 INFO com.zaxxer.hikari.HikariDataSource [restartedMain] SpringBootJPAHikariCP - Start completed.
2022-11-28 22:52:27,522 INFO org.hibernate.dialect.Dialect [restartedMain] HHH000400: Using dialect: uz.cluster.configuration.PostgreSQLCustomDialect
2022-11-28 22:52:27,585 INFO org.hibernate.envers.boot.internal.EnversServiceImpl [restartedMain] Envers integration enabled? : true
2022-11-28 22:52:30,011 INFO org.hibernate.engine.transaction.jta.platform.internal.JtaPlatformInitiator [restartedMain] HHH000490: Using JtaPlatform implementation: [org.hibernate.engine.transaction.jta.platform.internal.NoJtaPlatform]
2022-11-28 22:52:31,286 WARN org.springframework.context.support.AbstractApplicationContext [restartedMain] Exception encountered during context initialization - cancelling refresh attempt: org.springframework.beans.factory.UnsatisfiedDependencyException: Error creating bean with name 'authController' defined in file [E:\projects\template-backend\target\classes\uz\cluster\controllers\auth\AuthController.class]: Unsatisfied dependency expressed through constructor parameter 0; nested exception is org.springframework.beans.factory.UnsatisfiedDependencyException: Error creating bean with name 'authService' defined in file [E:\projects\template-backend\target\classes\uz\cluster\db\services\auth_service\AuthService.class]: Unsatisfied dependency expressed through constructor parameter 1; nested exception is org.springframework.beans.factory.NoSuchBeanDefinitionException: No qualifying bean of type 'org.springframework.security.crypto.password.PasswordEncoder' available: expected at least 1 bean which qualifies as autowire candidate. Dependency annotations: {}
2022-11-28 22:52:31,286 INFO com.zaxxer.hikari.HikariDataSource [restartedMain] SpringBootJPAHikariCP - Shutdown initiated...
2022-11-28 22:52:31,286 INFO com.zaxxer.hikari.HikariDataSource [restartedMain] SpringBootJPAHikariCP - Shutdown completed.
2022-11-28 22:52:31,301 INFO org.apache.juli.logging.DirectJDKLog [restartedMain] Stopping service [Tomcat]
2022-11-28 22:52:31,348 ERROR org.springframework.boot.diagnostics.LoggingFailureAnalysisReporter [restartedMain] 

***************************
APPLICATION FAILED TO START
***************************

Description:

Parameter 1 of constructor in uz.cluster.db.services.auth_service.AuthService required a bean of type 'org.springframework.security.crypto.password.PasswordEncoder' that could not be found.


Action:

Consider defining a bean of type 'org.springframework.security.crypto.password.PasswordEncoder' in your configuration.

2022-11-28 22:56:57,802 INFO org.springframework.boot.StartupInfoLogger [restartedMain] Starting ClusterApplication using Java 18.0.2.1 on RASHIDBEK with PID 12488 (E:\projects\template-backend\target\classes started by arslon in E:\projects\template-backend)
2022-11-28 22:56:57,802 INFO org.springframework.boot.StartupInfoLogger [restartedMain] Starting ClusterApplication using Java 18.0.2.1 on RASHIDBEK with PID 12488 (E:\projects\template-backend\target\classes started by arslon in E:\projects\template-backend)
2022-11-28 22:56:57,805 INFO org.springframework.boot.SpringApplication [restartedMain] No active profile set, falling back to 1 default profile: "default"
2022-11-28 22:56:57,805 INFO org.springframework.boot.SpringApplication [restartedMain] No active profile set, falling back to 1 default profile: "default"
2022-11-28 22:57:00,044 WARN org.springframework.context.support.AbstractApplicationContext [restartedMain] Exception encountered during context initialization - cancelling refresh attempt: org.springframework.beans.factory.BeanDefinitionStoreException: Invalid bean definition with name 'passwordEncoder' defined in class path resource [uz/cluster/configuration/PasswordEncoder.class]: factory-bean reference points back to the same bean definition
2022-11-28 22:57:00,109 ERROR org.springframework.boot.SpringApplication [restartedMain] Application run failed
org.springframework.beans.factory.BeanDefinitionStoreException: Invalid bean definition with name 'passwordEncoder' defined in class path resource [uz/cluster/configuration/PasswordEncoder.class]: factory-bean reference points back to the same bean definition
	at org.springframework.beans.factory.support.AbstractAutowireCapableBeanFactory.getTypeForFactoryMethod(AbstractAutowireCapableBeanFactory.java:743)
	at org.springframework.beans.factory.support.AbstractAutowireCapableBeanFactory.determineTargetType(AbstractAutowireCapableBeanFactory.java:703)
	at org.springframework.beans.factory.support.AbstractAutowireCapableBeanFactory.predictBeanType(AbstractAutowireCapableBeanFactory.java:674)
	at org.springframework.beans.factory.support.AbstractBeanFactory.getType(AbstractBeanFactory.java:722)
	at org.springframework.beans.factory.support.DefaultListableBeanFactory.findMergedAnnotationOnBean(DefaultListableBeanFactory.java:749)
	at org.springframework.beans.factory.support.DefaultListableBeanFactory.findAnnotationOnBean(DefaultListableBeanFactory.java:742)
	at org.springframework.boot.sql.init.dependency.AnnotationDependsOnDatabaseInitializationDetector.detect(AnnotationDependsOnDatabaseInitializationDetector.java:36)
	at org.springframework.boot.sql.init.dependency.DatabaseInitializationDependencyConfigurer$DependsOnDatabaseInitializationPostProcessor.detectDependsOnInitializationBeanNames(DatabaseInitializationDependencyConfigurer.java:148)
	at org.springframework.boot.sql.init.dependency.DatabaseInitializationDependencyConfigurer$DependsOnDatabaseInitializationPostProcessor.postProcessBeanFactory(DatabaseInitializationDependencyConfigurer.java:111)
	at org.springframework.context.support.PostProcessorRegistrationDelegate.invokeBeanFactoryPostProcessors(PostProcessorRegistrationDelegate.java:325)
	at org.springframework.context.support.PostProcessorRegistrationDelegate.invokeBeanFactoryPostProcessors(PostProcessorRegistrationDelegate.java:191)
	at org.springframework.context.support.AbstractApplicationContext.invokeBeanFactoryPostProcessors(AbstractApplicationContext.java:746)
	at org.springframework.context.support.AbstractApplicationContext.refresh(AbstractApplicationContext.java:564)
	at org.springframework.boot.web.servlet.context.ServletWebServerApplicationContext.refresh(ServletWebServerApplicationContext.java:145)
	at org.springframework.boot.SpringApplication.refresh(SpringApplication.java:740)
	at org.springframework.boot.SpringApplication.refreshContext(SpringApplication.java:415)
	at org.springframework.boot.SpringApplication.run(SpringApplication.java:303)
	at org.springframework.boot.SpringApplication.run(SpringApplication.java:1312)
	at org.springframework.boot.SpringApplication.run(SpringApplication.java:1301)
	at uz.cluster.ClusterApplication.main(ClusterApplication.java:55)
	at java.base/jdk.internal.reflect.DirectMethodHandleAccessor.invoke(DirectMethodHandleAccessor.java:104)
	at java.base/java.lang.reflect.Method.invoke(Method.java:577)
	at org.springframework.boot.devtools.restart.RestartLauncher.run(RestartLauncher.java:49)
2022-11-28 23:00:25,556 INFO org.springframework.boot.StartupInfoLogger [restartedMain] Starting ClusterApplication using Java 18.0.2.1 on RASHIDBEK with PID 19272 (E:\projects\template-backend\target\classes started by arslon in E:\projects\template-backend)
2022-11-28 23:00:25,556 INFO org.springframework.boot.StartupInfoLogger [restartedMain] Starting ClusterApplication using Java 18.0.2.1 on RASHIDBEK with PID 19272 (E:\projects\template-backend\target\classes started by arslon in E:\projects\template-backend)
2022-11-28 23:00:25,560 INFO org.springframework.boot.SpringApplication [restartedMain] No active profile set, falling back to 1 default profile: "default"
2022-11-28 23:00:25,560 INFO org.springframework.boot.SpringApplication [restartedMain] No active profile set, falling back to 1 default profile: "default"
2022-11-28 23:00:29,672 INFO org.apache.juli.logging.DirectJDKLog [restartedMain] Initializing ProtocolHandler ["http-nio-6060"]
2022-11-28 23:00:29,674 INFO org.apache.juli.logging.DirectJDKLog [restartedMain] Initializing ProtocolHandler ["http-nio-7078"]
2022-11-28 23:00:29,679 INFO org.apache.juli.logging.DirectJDKLog [restartedMain] Starting service [Tomcat]
2022-11-28 23:00:29,680 INFO org.apache.juli.logging.DirectJDKLog [restartedMain] Starting Servlet engine: [Apache Tomcat/9.0.58]
2022-11-28 23:00:29,877 INFO org.apache.juli.logging.DirectJDKLog [restartedMain] Initializing Spring embedded WebApplicationContext
2022-11-28 23:00:30,814 INFO org.hibernate.jpa.internal.util.LogHelper [restartedMain] HHH000204: Processing PersistenceUnitInfo [name: default]
2022-11-28 23:00:30,896 INFO org.hibernate.Version [restartedMain] HHH000412: Hibernate ORM core version 5.6.5.Final
2022-11-28 23:00:31,047 INFO org.hibernate.annotations.common.reflection.java.JavaReflectionManager [restartedMain] HCANN000001: Hibernate Commons Annotations {5.1.2.Final}
2022-11-28 23:00:31,206 INFO com.zaxxer.hikari.HikariDataSource [restartedMain] SpringBootJPAHikariCP - Starting...
2022-11-28 23:00:31,429 INFO com.zaxxer.hikari.HikariDataSource [restartedMain] SpringBootJPAHikariCP - Start completed.
2022-11-28 23:00:31,460 INFO org.hibernate.dialect.Dialect [restartedMain] HHH000400: Using dialect: uz.cluster.configuration.PostgreSQLCustomDialect
2022-11-28 23:00:31,530 INFO org.hibernate.envers.boot.internal.EnversServiceImpl [restartedMain] Envers integration enabled? : true
2022-11-28 23:00:34,424 INFO org.hibernate.engine.transaction.jta.platform.internal.JtaPlatformInitiator [restartedMain] HHH000490: Using JtaPlatform implementation: [org.hibernate.engine.transaction.jta.platform.internal.NoJtaPlatform]
2022-11-28 23:00:40,163 INFO org.apache.juli.logging.DirectJDKLog [restartedMain] Starting ProtocolHandler ["http-nio-6060"]
2022-11-28 23:00:40,195 INFO org.apache.juli.logging.DirectJDKLog [restartedMain] Starting ProtocolHandler ["http-nio-7078"]
2022-11-28 23:00:40,226 INFO org.springframework.boot.StartupInfoLogger [restartedMain] Started ClusterApplication in 15.274 seconds (JVM running for 17.972)
2022-11-28 23:00:40,226 INFO org.springframework.boot.StartupInfoLogger [restartedMain] Started ClusterApplication in 15.274 seconds (JVM running for 17.972)
2022-11-28 23:01:05,865 INFO org.apache.juli.logging.DirectJDKLog [http-nio-6060-exec-1] Error parsing HTTP request header
 Note: further occurrences of HTTP request parsing errors will be logged at DEBUG level.
java.lang.IllegalArgumentException: Invalid character found in method name [0x160x030x010x020x000x010x000x010xfc0x030x03R10xa3j0x830xcc0xceE0xff0x140xd00xa30x9em0xa4v0x05#0xd3Pd0xe60x810x1f0xc0/0x0f=0xb10x900xae0xbb ]. HTTP method names must be tokens
	at org.apache.coyote.http11.Http11InputBuffer.parseRequestLine(Http11InputBuffer.java:419)
	at org.apache.coyote.http11.Http11Processor.service(Http11Processor.java:271)
	at org.apache.coyote.AbstractProcessorLight.process(AbstractProcessorLight.java:65)
	at org.apache.coyote.AbstractProtocol$ConnectionHandler.process(AbstractProtocol.java:889)
	at org.apache.tomcat.util.net.NioEndpoint$SocketProcessor.doRun(NioEndpoint.java:1735)
	at org.apache.tomcat.util.net.SocketProcessorBase.run(SocketProcessorBase.java:49)
	at org.apache.tomcat.util.threads.ThreadPoolExecutor.runWorker(ThreadPoolExecutor.java:1191)
	at org.apache.tomcat.util.threads.ThreadPoolExecutor$Worker.run(ThreadPoolExecutor.java:659)
	at org.apache.tomcat.util.threads.TaskThread$WrappingRunnable.run(TaskThread.java:61)
	at java.base/java.lang.Thread.run(Thread.java:833)
2022-11-28 23:01:18,724 INFO org.apache.juli.logging.DirectJDKLog [http-nio-7078-exec-1] Error parsing HTTP request header
 Note: further occurrences of HTTP request parsing errors will be logged at DEBUG level.
java.lang.IllegalArgumentException: Invalid character found in method name [0x160x030x010x020x000x010x000x010xfc0x030x03L60x04m0xef0xba0x930xf00x840xb80xceH0x820x8d0xa80x8c0xa20x830xbd0xad8G0xd50xcf30xe80xfe=0xadg0x0c0xb6 ]. HTTP method names must be tokens
	at org.apache.coyote.http11.Http11InputBuffer.parseRequestLine(Http11InputBuffer.java:419)
	at org.apache.coyote.http11.Http11Processor.service(Http11Processor.java:271)
	at org.apache.coyote.AbstractProcessorLight.process(AbstractProcessorLight.java:65)
	at org.apache.coyote.AbstractProtocol$ConnectionHandler.process(AbstractProtocol.java:889)
	at org.apache.tomcat.util.net.NioEndpoint$SocketProcessor.doRun(NioEndpoint.java:1735)
	at org.apache.tomcat.util.net.SocketProcessorBase.run(SocketProcessorBase.java:49)
	at org.apache.tomcat.util.threads.ThreadPoolExecutor.runWorker(ThreadPoolExecutor.java:1191)
	at org.apache.tomcat.util.threads.ThreadPoolExecutor$Worker.run(ThreadPoolExecutor.java:659)
	at org.apache.tomcat.util.threads.TaskThread$WrappingRunnable.run(TaskThread.java:61)
	at java.base/java.lang.Thread.run(Thread.java:833)
2022-11-28 23:02:57,170 INFO com.zaxxer.hikari.HikariDataSource [SpringApplicationShutdownHook] SpringBootJPAHikariCP - Shutdown initiated...
2022-11-28 23:02:57,170 INFO com.zaxxer.hikari.HikariDataSource [SpringApplicationShutdownHook] SpringBootJPAHikariCP - Shutdown completed.
2022-11-28 23:03:08,670 INFO org.springframework.boot.StartupInfoLogger [restartedMain] Starting ClusterApplication using Java 18.0.2.1 on RASHIDBEK with PID 18528 (E:\projects\template-backend\target\classes started by arslon in E:\projects\template-backend)
2022-11-28 23:03:08,670 INFO org.springframework.boot.StartupInfoLogger [restartedMain] Starting ClusterApplication using Java 18.0.2.1 on RASHIDBEK with PID 18528 (E:\projects\template-backend\target\classes started by arslon in E:\projects\template-backend)
2022-11-28 23:03:08,677 INFO org.springframework.boot.SpringApplication [restartedMain] No active profile set, falling back to 1 default profile: "default"
2022-11-28 23:03:08,677 INFO org.springframework.boot.SpringApplication [restartedMain] No active profile set, falling back to 1 default profile: "default"
2022-11-28 23:03:12,873 INFO org.apache.juli.logging.DirectJDKLog [restartedMain] Initializing ProtocolHandler ["http-nio-6060"]
2022-11-28 23:03:12,874 INFO org.apache.juli.logging.DirectJDKLog [restartedMain] Initializing ProtocolHandler ["http-nio-7078"]
2022-11-28 23:03:12,878 INFO org.apache.juli.logging.DirectJDKLog [restartedMain] Starting service [Tomcat]
2022-11-28 23:03:12,878 INFO org.apache.juli.logging.DirectJDKLog [restartedMain] Starting Servlet engine: [Apache Tomcat/9.0.58]
2022-11-28 23:03:12,989 INFO org.apache.juli.logging.DirectJDKLog [restartedMain] Initializing Spring embedded WebApplicationContext
2022-11-28 23:03:13,830 INFO org.hibernate.jpa.internal.util.LogHelper [restartedMain] HHH000204: Processing PersistenceUnitInfo [name: default]
2022-11-28 23:03:13,906 INFO org.hibernate.Version [restartedMain] HHH000412: Hibernate ORM core version 5.6.5.Final
2022-11-28 23:03:14,056 INFO org.hibernate.annotations.common.reflection.java.JavaReflectionManager [restartedMain] HCANN000001: Hibernate Commons Annotations {5.1.2.Final}
2022-11-28 23:03:14,157 INFO com.zaxxer.hikari.HikariDataSource [restartedMain] SpringBootJPAHikariCP - Starting...
2022-11-28 23:03:14,348 INFO com.zaxxer.hikari.HikariDataSource [restartedMain] SpringBootJPAHikariCP - Start completed.
2022-11-28 23:03:14,366 INFO org.hibernate.dialect.Dialect [restartedMain] HHH000400: Using dialect: uz.cluster.configuration.PostgreSQLCustomDialect
2022-11-28 23:03:14,422 INFO org.hibernate.envers.boot.internal.EnversServiceImpl [restartedMain] Envers integration enabled? : true
2022-11-28 23:03:17,176 INFO org.hibernate.engine.transaction.jta.platform.internal.JtaPlatformInitiator [restartedMain] HHH000490: Using JtaPlatform implementation: [org.hibernate.engine.transaction.jta.platform.internal.NoJtaPlatform]
2022-11-28 23:03:23,700 INFO org.apache.juli.logging.DirectJDKLog [restartedMain] Starting ProtocolHandler ["http-nio-6060"]
2022-11-28 23:03:23,732 INFO org.apache.juli.logging.DirectJDKLog [restartedMain] Starting ProtocolHandler ["http-nio-7078"]
2022-11-28 23:03:23,774 INFO org.springframework.boot.StartupInfoLogger [restartedMain] Started ClusterApplication in 15.795 seconds (JVM running for 19.683)
2022-11-28 23:03:23,774 INFO org.springframework.boot.StartupInfoLogger [restartedMain] Started ClusterApplication in 15.795 seconds (JVM running for 19.683)
2022-11-28 23:03:32,363 INFO org.apache.juli.logging.DirectJDKLog [http-nio-7078-exec-1] Error parsing HTTP request header
 Note: further occurrences of HTTP request parsing errors will be logged at DEBUG level.
java.lang.IllegalArgumentException: Invalid character found in method name [0x160x030x010x020x000x010x000x010xfc0x030x030xb10xa30xb40xd8O0xdf|0xc0I0xdc0x9a0xcb0xf1t0xf9'0x1c0x000x1e0xb30x090x82xz0xc40xb8W0xe4@0xbfH0x1b ]. HTTP method names must be tokens
	at org.apache.coyote.http11.Http11InputBuffer.parseRequestLine(Http11InputBuffer.java:419)
	at org.apache.coyote.http11.Http11Processor.service(Http11Processor.java:271)
	at org.apache.coyote.AbstractProcessorLight.process(AbstractProcessorLight.java:65)
	at org.apache.coyote.AbstractProtocol$ConnectionHandler.process(AbstractProtocol.java:889)
	at org.apache.tomcat.util.net.NioEndpoint$SocketProcessor.doRun(NioEndpoint.java:1735)
	at org.apache.tomcat.util.net.SocketProcessorBase.run(SocketProcessorBase.java:49)
	at org.apache.tomcat.util.threads.ThreadPoolExecutor.runWorker(ThreadPoolExecutor.java:1191)
	at org.apache.tomcat.util.threads.ThreadPoolExecutor$Worker.run(ThreadPoolExecutor.java:659)
	at org.apache.tomcat.util.threads.TaskThread$WrappingRunnable.run(TaskThread.java:61)
	at java.base/java.lang.Thread.run(Thread.java:833)
2022-11-28 23:04:41,823 INFO com.zaxxer.hikari.HikariDataSource [SpringApplicationShutdownHook] SpringBootJPAHikariCP - Shutdown initiated...
2022-11-28 23:04:41,875 INFO com.zaxxer.hikari.HikariDataSource [SpringApplicationShutdownHook] SpringBootJPAHikariCP - Shutdown completed.
2022-11-28 23:04:53,976 INFO org.springframework.boot.StartupInfoLogger [restartedMain] Starting ClusterApplication using Java 18.0.2.1 on RASHIDBEK with PID 6588 (E:\projects\template-backend\target\classes started by arslon in E:\projects\template-backend)
2022-11-28 23:04:53,976 INFO org.springframework.boot.StartupInfoLogger [restartedMain] Starting ClusterApplication using Java 18.0.2.1 on RASHIDBEK with PID 6588 (E:\projects\template-backend\target\classes started by arslon in E:\projects\template-backend)
2022-11-28 23:04:53,981 INFO org.springframework.boot.SpringApplication [restartedMain] No active profile set, falling back to 1 default profile: "default"
2022-11-28 23:04:53,981 INFO org.springframework.boot.SpringApplication [restartedMain] No active profile set, falling back to 1 default profile: "default"
2022-11-28 23:04:57,770 INFO org.apache.juli.logging.DirectJDKLog [restartedMain] Initializing ProtocolHandler ["http-nio-6060"]
2022-11-28 23:04:57,771 INFO org.apache.juli.logging.DirectJDKLog [restartedMain] Initializing ProtocolHandler ["http-nio-7078"]
2022-11-28 23:04:57,774 INFO org.apache.juli.logging.DirectJDKLog [restartedMain] Starting service [Tomcat]
2022-11-28 23:04:57,775 INFO org.apache.juli.logging.DirectJDKLog [restartedMain] Starting Servlet engine: [Apache Tomcat/9.0.58]
2022-11-28 23:04:57,916 INFO org.apache.juli.logging.DirectJDKLog [restartedMain] Initializing Spring embedded WebApplicationContext
2022-11-28 23:04:58,971 INFO org.hibernate.jpa.internal.util.LogHelper [restartedMain] HHH000204: Processing PersistenceUnitInfo [name: default]
2022-11-28 23:04:59,044 INFO org.hibernate.Version [restartedMain] HHH000412: Hibernate ORM core version 5.6.5.Final
2022-11-28 23:04:59,223 INFO org.hibernate.annotations.common.reflection.java.JavaReflectionManager [restartedMain] HCANN000001: Hibernate Commons Annotations {5.1.2.Final}
2022-11-28 23:04:59,320 INFO com.zaxxer.hikari.HikariDataSource [restartedMain] SpringBootJPAHikariCP - Starting...
2022-11-28 23:04:59,559 INFO com.zaxxer.hikari.HikariDataSource [restartedMain] SpringBootJPAHikariCP - Start completed.
2022-11-28 23:04:59,581 INFO org.hibernate.dialect.Dialect [restartedMain] HHH000400: Using dialect: uz.cluster.configuration.PostgreSQLCustomDialect
2022-11-28 23:04:59,657 INFO org.hibernate.envers.boot.internal.EnversServiceImpl [restartedMain] Envers integration enabled? : true
2022-11-28 23:05:03,075 INFO org.hibernate.engine.transaction.jta.platform.internal.JtaPlatformInitiator [restartedMain] HHH000490: Using JtaPlatform implementation: [org.hibernate.engine.transaction.jta.platform.internal.NoJtaPlatform]
2022-11-28 23:05:09,977 INFO org.apache.juli.logging.DirectJDKLog [restartedMain] Starting ProtocolHandler ["http-nio-6060"]
2022-11-28 23:05:10,070 INFO org.apache.juli.logging.DirectJDKLog [restartedMain] Starting ProtocolHandler ["http-nio-7078"]
2022-11-28 23:05:10,115 INFO org.springframework.boot.StartupInfoLogger [restartedMain] Started ClusterApplication in 16.813 seconds (JVM running for 22.065)
2022-11-28 23:05:10,115 INFO org.springframework.boot.StartupInfoLogger [restartedMain] Started ClusterApplication in 16.813 seconds (JVM running for 22.065)
2022-11-28 23:05:10,605 INFO org.apache.juli.logging.DirectJDKLog [RMI TCP Connection(2)-26.83.87.67] Initializing Spring DispatcherServlet 'dispatcherServlet'
2022-11-28 23:05:41,461 INFO org.apache.juli.logging.DirectJDKLog [http-nio-7078-exec-1] Error parsing HTTP request header
 Note: further occurrences of HTTP request parsing errors will be logged at DEBUG level.
java.lang.IllegalArgumentException: Invalid character found in method name [0x160x030x010x020x000x010x000x010xfc0x030x030x09$0x010xb40xe50xcf0xc30x830xe6OnK0xa5<0x02P0x8d0x8a0xcf>0xd50xe7k0x9e0x140xfc0xef\0x80 ]. HTTP method names must be tokens
	at org.apache.coyote.http11.Http11InputBuffer.parseRequestLine(Http11InputBuffer.java:419)
	at org.apache.coyote.http11.Http11Processor.service(Http11Processor.java:271)
	at org.apache.coyote.AbstractProcessorLight.process(AbstractProcessorLight.java:65)
	at org.apache.coyote.AbstractProtocol$ConnectionHandler.process(AbstractProtocol.java:889)
	at org.apache.tomcat.util.net.NioEndpoint$SocketProcessor.doRun(NioEndpoint.java:1735)
	at org.apache.tomcat.util.net.SocketProcessorBase.run(SocketProcessorBase.java:49)
	at org.apache.tomcat.util.threads.ThreadPoolExecutor.runWorker(ThreadPoolExecutor.java:1191)
	at org.apache.tomcat.util.threads.ThreadPoolExecutor$Worker.run(ThreadPoolExecutor.java:659)
	at org.apache.tomcat.util.threads.TaskThread$WrappingRunnable.run(TaskThread.java:61)
	at java.base/java.lang.Thread.run(Thread.java:833)
2022-11-28 23:05:41,492 INFO org.apache.juli.logging.DirectJDKLog [http-nio-7078-exec-2] Error parsing HTTP request header
 Note: further occurrences of HTTP request parsing errors will be logged at DEBUG level.
java.lang.IllegalArgumentException: Invalid character found in method name [0x160x030x010x020x000x010x000x010xfc0x030x030xd20xc40x1d0x10E0x92G0xb40x8f0x8d0xc50xe10xb90x100xe70xa50x91$10xa70x0f0xd70x070x160xaeb?}0xfb0xc70xb40xba ]. HTTP method names must be tokens
	at org.apache.coyote.http11.Http11InputBuffer.parseRequestLine(Http11InputBuffer.java:419)
	at org.apache.coyote.http11.Http11Processor.service(Http11Processor.java:271)
	at org.apache.coyote.AbstractProcessorLight.process(AbstractProcessorLight.java:65)
	at org.apache.coyote.AbstractProtocol$ConnectionHandler.process(AbstractProtocol.java:889)
	at org.apache.tomcat.util.net.NioEndpoint$SocketProcessor.doRun(NioEndpoint.java:1735)
	at org.apache.tomcat.util.net.SocketProcessorBase.run(SocketProcessorBase.java:49)
	at org.apache.tomcat.util.threads.ThreadPoolExecutor.runWorker(ThreadPoolExecutor.java:1191)
	at org.apache.tomcat.util.threads.ThreadPoolExecutor$Worker.run(ThreadPoolExecutor.java:659)
	at org.apache.tomcat.util.threads.TaskThread$WrappingRunnable.run(TaskThread.java:61)
	at java.base/java.lang.Thread.run(Thread.java:833)
2022-11-28 23:06:25,927 INFO com.zaxxer.hikari.HikariDataSource [SpringApplicationShutdownHook] SpringBootJPAHikariCP - Shutdown initiated...
2022-11-28 23:06:26,075 INFO com.zaxxer.hikari.HikariDataSource [SpringApplicationShutdownHook] SpringBootJPAHikariCP - Shutdown completed.
2022-11-28 23:06:37,354 INFO org.springframework.boot.StartupInfoLogger [restartedMain] Starting ClusterApplication using Java 18.0.2.1 on RASHIDBEK with PID 13832 (E:\projects\template-backend\target\classes started by arslon in E:\projects\template-backend)
2022-11-28 23:06:37,354 INFO org.springframework.boot.StartupInfoLogger [restartedMain] Starting ClusterApplication using Java 18.0.2.1 on RASHIDBEK with PID 13832 (E:\projects\template-backend\target\classes started by arslon in E:\projects\template-backend)
2022-11-28 23:06:37,358 INFO org.springframework.boot.SpringApplication [restartedMain] No active profile set, falling back to 1 default profile: "default"
2022-11-28 23:06:37,358 INFO org.springframework.boot.SpringApplication [restartedMain] No active profile set, falling back to 1 default profile: "default"
2022-11-28 23:06:42,300 INFO org.apache.juli.logging.DirectJDKLog [restartedMain] Initializing ProtocolHandler ["http-nio-6060"]
2022-11-28 23:06:42,302 INFO org.apache.juli.logging.DirectJDKLog [restartedMain] Initializing ProtocolHandler ["http-nio-7078"]
2022-11-28 23:06:42,329 INFO org.apache.juli.logging.DirectJDKLog [restartedMain] Starting service [Tomcat]
2022-11-28 23:06:42,330 INFO org.apache.juli.logging.DirectJDKLog [restartedMain] Starting Servlet engine: [Apache Tomcat/9.0.58]
2022-11-28 23:06:42,488 INFO org.apache.juli.logging.DirectJDKLog [restartedMain] Initializing Spring embedded WebApplicationContext
2022-11-28 23:06:43,693 INFO org.hibernate.jpa.internal.util.LogHelper [restartedMain] HHH000204: Processing PersistenceUnitInfo [name: default]
2022-11-28 23:06:43,809 INFO org.hibernate.Version [restartedMain] HHH000412: Hibernate ORM core version 5.6.5.Final
2022-11-28 23:06:44,003 INFO org.hibernate.annotations.common.reflection.java.JavaReflectionManager [restartedMain] HCANN000001: Hibernate Commons Annotations {5.1.2.Final}
2022-11-28 23:06:44,154 INFO com.zaxxer.hikari.HikariDataSource [restartedMain] SpringBootJPAHikariCP - Starting...
2022-11-28 23:06:44,376 INFO com.zaxxer.hikari.HikariDataSource [restartedMain] SpringBootJPAHikariCP - Start completed.
2022-11-28 23:06:44,399 INFO org.hibernate.dialect.Dialect [restartedMain] HHH000400: Using dialect: uz.cluster.configuration.PostgreSQLCustomDialect
2022-11-28 23:06:44,458 INFO org.hibernate.envers.boot.internal.EnversServiceImpl [restartedMain] Envers integration enabled? : true
2022-11-28 23:06:47,625 INFO org.hibernate.engine.transaction.jta.platform.internal.JtaPlatformInitiator [restartedMain] HHH000490: Using JtaPlatform implementation: [org.hibernate.engine.transaction.jta.platform.internal.NoJtaPlatform]
2022-11-28 23:06:55,015 INFO org.apache.juli.logging.DirectJDKLog [restartedMain] Starting ProtocolHandler ["http-nio-6060"]
2022-11-28 23:06:55,041 INFO org.apache.juli.logging.DirectJDKLog [restartedMain] Starting ProtocolHandler ["http-nio-7078"]
2022-11-28 23:06:55,147 INFO org.springframework.boot.StartupInfoLogger [restartedMain] Started ClusterApplication in 18.703 seconds (JVM running for 22.836)
2022-11-28 23:06:55,147 INFO org.springframework.boot.StartupInfoLogger [restartedMain] Started ClusterApplication in 18.703 seconds (JVM running for 22.836)
2022-11-28 23:06:55,742 INFO org.apache.juli.logging.DirectJDKLog [RMI TCP Connection(2)-26.83.87.67] Initializing Spring DispatcherServlet 'dispatcherServlet'
2022-11-28 23:07:05,395 INFO org.apache.juli.logging.DirectJDKLog [http-nio-7078-exec-2] Error parsing HTTP request header
 Note: further occurrences of HTTP request parsing errors will be logged at DEBUG level.
java.lang.IllegalArgumentException: Invalid character found in method name [0x160x030x010x020x000x010x000x010xfc0x030x03Z0x0750xce0xcd0xad^\0x0d0x910xf20x86p0x900x010xe40x930xada0xc40xbe0xeb0xe0q0xdfQE8q0x920x8c0x81 ]. HTTP method names must be tokens
	at org.apache.coyote.http11.Http11InputBuffer.parseRequestLine(Http11InputBuffer.java:419)
	at org.apache.coyote.http11.Http11Processor.service(Http11Processor.java:271)
	at org.apache.coyote.AbstractProcessorLight.process(AbstractProcessorLight.java:65)
	at org.apache.coyote.AbstractProtocol$ConnectionHandler.process(AbstractProtocol.java:889)
	at org.apache.tomcat.util.net.NioEndpoint$SocketProcessor.doRun(NioEndpoint.java:1735)
	at org.apache.tomcat.util.net.SocketProcessorBase.run(SocketProcessorBase.java:49)
	at org.apache.tomcat.util.threads.ThreadPoolExecutor.runWorker(ThreadPoolExecutor.java:1191)
	at org.apache.tomcat.util.threads.ThreadPoolExecutor$Worker.run(ThreadPoolExecutor.java:659)
	at org.apache.tomcat.util.threads.TaskThread$WrappingRunnable.run(TaskThread.java:61)
	at java.base/java.lang.Thread.run(Thread.java:833)
2022-11-28 23:07:51,041 INFO org.apache.juli.logging.DirectJDKLog [http-nio-6060-exec-1] Error parsing HTTP request header
 Note: further occurrences of HTTP request parsing errors will be logged at DEBUG level.
java.lang.IllegalArgumentException: Invalid character found in method name [0x160x030x010x020x000x010x000x010xfc0x030x030x060x8a0xaa0x0d0xf50xfb0x030xaf0x8aj0xbc0x9e0x82.0x030x1b0x860xba0xa620x8eUH0xc50x1f~0xee0xde0xe490x010xb7 ]. HTTP method names must be tokens
	at org.apache.coyote.http11.Http11InputBuffer.parseRequestLine(Http11InputBuffer.java:419)
	at org.apache.coyote.http11.Http11Processor.service(Http11Processor.java:271)
	at org.apache.coyote.AbstractProcessorLight.process(AbstractProcessorLight.java:65)
	at org.apache.coyote.AbstractProtocol$ConnectionHandler.process(AbstractProtocol.java:889)
	at org.apache.tomcat.util.net.NioEndpoint$SocketProcessor.doRun(NioEndpoint.java:1735)
	at org.apache.tomcat.util.net.SocketProcessorBase.run(SocketProcessorBase.java:49)
	at org.apache.tomcat.util.threads.ThreadPoolExecutor.runWorker(ThreadPoolExecutor.java:1191)
	at org.apache.tomcat.util.threads.ThreadPoolExecutor$Worker.run(ThreadPoolExecutor.java:659)
	at org.apache.tomcat.util.threads.TaskThread$WrappingRunnable.run(TaskThread.java:61)
	at java.base/java.lang.Thread.run(Thread.java:833)
2022-11-28 23:10:31,352 INFO com.zaxxer.hikari.HikariDataSource [SpringApplicationShutdownHook] SpringBootJPAHikariCP - Shutdown initiated...
2022-11-28 23:10:31,555 INFO com.zaxxer.hikari.HikariDataSource [SpringApplicationShutdownHook] SpringBootJPAHikariCP - Shutdown completed.
2022-11-28 23:10:38,118 INFO org.springframework.boot.StartupInfoLogger [restartedMain] Starting ClusterApplication using Java 18.0.2.1 on RASHIDBEK with PID 4724 (E:\projects\template-backend\target\classes started by arslon in E:\projects\template-backend)
2022-11-28 23:10:38,118 INFO org.springframework.boot.StartupInfoLogger [restartedMain] Starting ClusterApplication using Java 18.0.2.1 on RASHIDBEK with PID 4724 (E:\projects\template-backend\target\classes started by arslon in E:\projects\template-backend)
2022-11-28 23:10:38,121 INFO org.springframework.boot.SpringApplication [restartedMain] No active profile set, falling back to 1 default profile: "default"
2022-11-28 23:10:38,121 INFO org.springframework.boot.SpringApplication [restartedMain] No active profile set, falling back to 1 default profile: "default"
2022-11-28 23:10:41,990 INFO org.apache.juli.logging.DirectJDKLog [restartedMain] Initializing ProtocolHandler ["http-nio-6060"]
2022-11-28 23:10:41,991 INFO org.apache.juli.logging.DirectJDKLog [restartedMain] Initializing ProtocolHandler ["http-nio-7078"]
2022-11-28 23:10:41,995 INFO org.apache.juli.logging.DirectJDKLog [restartedMain] Starting service [Tomcat]
2022-11-28 23:10:41,995 INFO org.apache.juli.logging.DirectJDKLog [restartedMain] Starting Servlet engine: [Apache Tomcat/9.0.58]
2022-11-28 23:10:42,112 INFO org.apache.juli.logging.DirectJDKLog [restartedMain] Initializing Spring embedded WebApplicationContext
2022-11-28 23:10:43,041 INFO org.hibernate.jpa.internal.util.LogHelper [restartedMain] HHH000204: Processing PersistenceUnitInfo [name: default]
2022-11-28 23:10:43,128 INFO org.hibernate.Version [restartedMain] HHH000412: Hibernate ORM core version 5.6.5.Final
2022-11-28 23:10:43,309 INFO org.hibernate.annotations.common.reflection.java.JavaReflectionManager [restartedMain] HCANN000001: Hibernate Commons Annotations {5.1.2.Final}
2022-11-28 23:10:43,427 INFO com.zaxxer.hikari.HikariDataSource [restartedMain] SpringBootJPAHikariCP - Starting...
2022-11-28 23:10:43,652 INFO com.zaxxer.hikari.HikariDataSource [restartedMain] SpringBootJPAHikariCP - Start completed.
2022-11-28 23:10:43,676 INFO org.hibernate.dialect.Dialect [restartedMain] HHH000400: Using dialect: uz.cluster.configuration.PostgreSQLCustomDialect
2022-11-28 23:10:43,784 INFO org.hibernate.envers.boot.internal.EnversServiceImpl [restartedMain] Envers integration enabled? : true
2022-11-28 23:10:46,817 INFO org.hibernate.engine.transaction.jta.platform.internal.JtaPlatformInitiator [restartedMain] HHH000490: Using JtaPlatform implementation: [org.hibernate.engine.transaction.jta.platform.internal.NoJtaPlatform]
2022-11-28 23:10:52,917 INFO org.apache.juli.logging.DirectJDKLog [restartedMain] Starting ProtocolHandler ["http-nio-6060"]
2022-11-28 23:10:52,949 INFO org.apache.juli.logging.DirectJDKLog [restartedMain] Starting ProtocolHandler ["http-nio-7078"]
2022-11-28 23:10:52,994 INFO org.springframework.boot.StartupInfoLogger [restartedMain] Started ClusterApplication in 15.848 seconds (JVM running for 17.929)
2022-11-28 23:10:52,994 INFO org.springframework.boot.StartupInfoLogger [restartedMain] Started ClusterApplication in 15.848 seconds (JVM running for 17.929)
2022-11-28 23:11:01,369 INFO org.apache.juli.logging.DirectJDKLog [http-nio-7078-exec-1] Error parsing HTTP request header
 Note: further occurrences of HTTP request parsing errors will be logged at DEBUG level.
java.lang.IllegalArgumentException: Invalid character found in method name [0x160x030x010x020x000x010x000x010xfc0x030x030xcfB0xc20xc40xfa0xccx"Zr0x14|q0xd50xbe{0xfdS0x1e0x1e0x9dq0x9cEv0xd7<Z0xbbPa0xaf ]. HTTP method names must be tokens
	at org.apache.coyote.http11.Http11InputBuffer.parseRequestLine(Http11InputBuffer.java:419)
	at org.apache.coyote.http11.Http11Processor.service(Http11Processor.java:271)
	at org.apache.coyote.AbstractProcessorLight.process(AbstractProcessorLight.java:65)
	at org.apache.coyote.AbstractProtocol$ConnectionHandler.process(AbstractProtocol.java:889)
	at org.apache.tomcat.util.net.NioEndpoint$SocketProcessor.doRun(NioEndpoint.java:1735)
	at org.apache.tomcat.util.net.SocketProcessorBase.run(SocketProcessorBase.java:49)
	at org.apache.tomcat.util.threads.ThreadPoolExecutor.runWorker(ThreadPoolExecutor.java:1191)
	at org.apache.tomcat.util.threads.ThreadPoolExecutor$Worker.run(ThreadPoolExecutor.java:659)
	at org.apache.tomcat.util.threads.TaskThread$WrappingRunnable.run(TaskThread.java:61)
	at java.base/java.lang.Thread.run(Thread.java:833)
2022-11-28 23:11:05,276 INFO org.apache.juli.logging.DirectJDKLog [http-nio-6060-exec-2] Error parsing HTTP request header
 Note: further occurrences of HTTP request parsing errors will be logged at DEBUG level.
java.lang.IllegalArgumentException: Invalid character found in method name [0x160x030x010x020x000x010x000x010xfc0x030x03'0xaa&0xed90xe1<s0xe00xc1>0xed0x920xc90xe10xe80x8d0x0b0xc40xffWW0x1eE0xe20xe2^0x13<iCh ]. HTTP method names must be tokens
	at org.apache.coyote.http11.Http11InputBuffer.parseRequestLine(Http11InputBuffer.java:419)
	at org.apache.coyote.http11.Http11Processor.service(Http11Processor.java:271)
	at org.apache.coyote.AbstractProcessorLight.process(AbstractProcessorLight.java:65)
	at org.apache.coyote.AbstractProtocol$ConnectionHandler.process(AbstractProtocol.java:889)
	at org.apache.tomcat.util.net.NioEndpoint$SocketProcessor.doRun(NioEndpoint.java:1735)
	at org.apache.tomcat.util.net.SocketProcessorBase.run(SocketProcessorBase.java:49)
	at org.apache.tomcat.util.threads.ThreadPoolExecutor.runWorker(ThreadPoolExecutor.java:1191)
	at org.apache.tomcat.util.threads.ThreadPoolExecutor$Worker.run(ThreadPoolExecutor.java:659)
	at org.apache.tomcat.util.threads.TaskThread$WrappingRunnable.run(TaskThread.java:61)
	at java.base/java.lang.Thread.run(Thread.java:833)
2022-11-28 23:12:13,701 INFO com.zaxxer.hikari.HikariDataSource [SpringApplicationShutdownHook] SpringBootJPAHikariCP - Shutdown initiated...
2022-11-28 23:12:13,754 INFO com.zaxxer.hikari.HikariDataSource [SpringApplicationShutdownHook] SpringBootJPAHikariCP - Shutdown completed.
2022-11-28 23:12:21,131 INFO org.springframework.boot.StartupInfoLogger [restartedMain] Starting ClusterApplication using Java 18.0.2.1 on RASHIDBEK with PID 11352 (E:\projects\template-backend\target\classes started by arslon in E:\projects\template-backend)
2022-11-28 23:12:21,131 INFO org.springframework.boot.StartupInfoLogger [restartedMain] Starting ClusterApplication using Java 18.0.2.1 on RASHIDBEK with PID 11352 (E:\projects\template-backend\target\classes started by arslon in E:\projects\template-backend)
2022-11-28 23:12:21,134 INFO org.springframework.boot.SpringApplication [restartedMain] No active profile set, falling back to 1 default profile: "default"
2022-11-28 23:12:21,134 INFO org.springframework.boot.SpringApplication [restartedMain] No active profile set, falling back to 1 default profile: "default"
2022-11-28 23:12:24,096 INFO org.apache.juli.logging.DirectJDKLog [restartedMain] Initializing ProtocolHandler ["http-nio-6060"]
2022-11-28 23:12:24,096 INFO org.apache.juli.logging.DirectJDKLog [restartedMain] Initializing ProtocolHandler ["http-nio-7078"]
2022-11-28 23:12:24,096 INFO org.apache.juli.logging.DirectJDKLog [restartedMain] Starting service [Tomcat]
2022-11-28 23:12:24,096 INFO org.apache.juli.logging.DirectJDKLog [restartedMain] Starting Servlet engine: [Apache Tomcat/9.0.58]
2022-11-28 23:12:24,205 INFO org.apache.juli.logging.DirectJDKLog [restartedMain] Initializing Spring embedded WebApplicationContext
2022-11-28 23:12:25,088 INFO org.hibernate.jpa.internal.util.LogHelper [restartedMain] HHH000204: Processing PersistenceUnitInfo [name: default]
2022-11-28 23:12:25,166 INFO org.hibernate.Version [restartedMain] HHH000412: Hibernate ORM core version 5.6.5.Final
2022-11-28 23:12:25,338 INFO org.hibernate.annotations.common.reflection.java.JavaReflectionManager [restartedMain] HCANN000001: Hibernate Commons Annotations {5.1.2.Final}
2022-11-28 23:12:25,447 INFO com.zaxxer.hikari.HikariDataSource [restartedMain] SpringBootJPAHikariCP - Starting...
2022-11-28 23:12:25,654 INFO com.zaxxer.hikari.HikariDataSource [restartedMain] SpringBootJPAHikariCP - Start completed.
2022-11-28 23:12:25,677 INFO org.hibernate.dialect.Dialect [restartedMain] HHH000400: Using dialect: uz.cluster.configuration.PostgreSQLCustomDialect
2022-11-28 23:12:25,746 INFO org.hibernate.envers.boot.internal.EnversServiceImpl [restartedMain] Envers integration enabled? : true
2022-11-28 23:12:28,240 INFO org.hibernate.engine.transaction.jta.platform.internal.JtaPlatformInitiator [restartedMain] HHH000490: Using JtaPlatform implementation: [org.hibernate.engine.transaction.jta.platform.internal.NoJtaPlatform]
2022-11-28 23:12:33,315 INFO org.apache.juli.logging.DirectJDKLog [restartedMain] Starting ProtocolHandler ["http-nio-6060"]
2022-11-28 23:12:33,330 INFO org.apache.juli.logging.DirectJDKLog [restartedMain] Starting ProtocolHandler ["http-nio-7078"]
2022-11-28 23:12:33,361 INFO org.springframework.boot.StartupInfoLogger [restartedMain] Started ClusterApplication in 12.718 seconds (JVM running for 15.181)
2022-11-28 23:12:33,361 INFO org.springframework.boot.StartupInfoLogger [restartedMain] Started ClusterApplication in 12.718 seconds (JVM running for 15.181)
2022-11-28 23:12:40,119 INFO org.apache.juli.logging.DirectJDKLog [http-nio-7078-exec-1] Error parsing HTTP request header
 Note: further occurrences of HTTP request parsing errors will be logged at DEBUG level.
java.lang.IllegalArgumentException: Invalid character found in method name [0x160x030x010x020x000x010x000x010xfc0x030x03}0xcf0xb56|0xc970x900xab0xd60x950xa10x010xa20xe20x7fbe0x9c[b70xeb{0xec0x89O0xd4e0xcd=0xc0 ]. HTTP method names must be tokens
	at org.apache.coyote.http11.Http11InputBuffer.parseRequestLine(Http11InputBuffer.java:419)
	at org.apache.coyote.http11.Http11Processor.service(Http11Processor.java:271)
	at org.apache.coyote.AbstractProcessorLight.process(AbstractProcessorLight.java:65)
	at org.apache.coyote.AbstractProtocol$ConnectionHandler.process(AbstractProtocol.java:889)
	at org.apache.tomcat.util.net.NioEndpoint$SocketProcessor.doRun(NioEndpoint.java:1735)
	at org.apache.tomcat.util.net.SocketProcessorBase.run(SocketProcessorBase.java:49)
	at org.apache.tomcat.util.threads.ThreadPoolExecutor.runWorker(ThreadPoolExecutor.java:1191)
	at org.apache.tomcat.util.threads.ThreadPoolExecutor$Worker.run(ThreadPoolExecutor.java:659)
	at org.apache.tomcat.util.threads.TaskThread$WrappingRunnable.run(TaskThread.java:61)
	at java.base/java.lang.Thread.run(Thread.java:833)
2022-11-28 23:13:43,997 INFO com.zaxxer.hikari.HikariDataSource [SpringApplicationShutdownHook] SpringBootJPAHikariCP - Shutdown initiated...
2022-11-28 23:13:43,997 INFO com.zaxxer.hikari.HikariDataSource [SpringApplicationShutdownHook] SpringBootJPAHikariCP - Shutdown completed.
2022-11-28 23:13:50,440 INFO org.springframework.boot.StartupInfoLogger [restartedMain] Starting ClusterApplication using Java 18.0.2.1 on RASHIDBEK with PID 13968 (E:\projects\template-backend\target\classes started by arslon in E:\projects\template-backend)
2022-11-28 23:13:50,440 INFO org.springframework.boot.StartupInfoLogger [restartedMain] Starting ClusterApplication using Java 18.0.2.1 on RASHIDBEK with PID 13968 (E:\projects\template-backend\target\classes started by arslon in E:\projects\template-backend)
2022-11-28 23:13:50,450 INFO org.springframework.boot.SpringApplication [restartedMain] No active profile set, falling back to 1 default profile: "default"
2022-11-28 23:13:50,450 INFO org.springframework.boot.SpringApplication [restartedMain] No active profile set, falling back to 1 default profile: "default"
2022-11-28 23:13:53,524 INFO org.apache.juli.logging.DirectJDKLog [restartedMain] Initializing ProtocolHandler ["https-jsse-nio-6060"]
2022-11-28 23:13:53,524 INFO org.apache.juli.logging.DirectJDKLog [restartedMain] Initializing ProtocolHandler ["http-nio-7078"]
2022-11-28 23:13:53,524 INFO org.apache.juli.logging.DirectJDKLog [restartedMain] Starting service [Tomcat]
2022-11-28 23:13:53,540 INFO org.apache.juli.logging.DirectJDKLog [restartedMain] Starting Servlet engine: [Apache Tomcat/9.0.58]
2022-11-28 23:13:53,671 INFO org.apache.juli.logging.DirectJDKLog [restartedMain] Initializing Spring embedded WebApplicationContext
2022-11-28 23:13:54,429 INFO org.hibernate.jpa.internal.util.LogHelper [restartedMain] HHH000204: Processing PersistenceUnitInfo [name: default]
2022-11-28 23:13:54,520 INFO org.hibernate.Version [restartedMain] HHH000412: Hibernate ORM core version 5.6.5.Final
2022-11-28 23:13:54,732 INFO org.hibernate.annotations.common.reflection.java.JavaReflectionManager [restartedMain] HCANN000001: Hibernate Commons Annotations {5.1.2.Final}
2022-11-28 23:13:54,858 INFO com.zaxxer.hikari.HikariDataSource [restartedMain] SpringBootJPAHikariCP - Starting...
2022-11-28 23:13:55,046 INFO com.zaxxer.hikari.HikariDataSource [restartedMain] SpringBootJPAHikariCP - Start completed.
2022-11-28 23:13:55,061 INFO org.hibernate.dialect.Dialect [restartedMain] HHH000400: Using dialect: uz.cluster.configuration.PostgreSQLCustomDialect
2022-11-28 23:13:55,124 INFO org.hibernate.envers.boot.internal.EnversServiceImpl [restartedMain] Envers integration enabled? : true
2022-11-28 23:13:57,537 INFO org.hibernate.engine.transaction.jta.platform.internal.JtaPlatformInitiator [restartedMain] HHH000490: Using JtaPlatform implementation: [org.hibernate.engine.transaction.jta.platform.internal.NoJtaPlatform]
2022-11-28 23:14:04,228 INFO org.apache.juli.logging.DirectJDKLog [restartedMain] Starting ProtocolHandler ["https-jsse-nio-6060"]
2022-11-28 23:14:04,733 INFO org.apache.juli.logging.DirectJDKLog [restartedMain] Starting ProtocolHandler ["http-nio-7078"]
2022-11-28 23:14:04,769 INFO org.springframework.boot.StartupInfoLogger [restartedMain] Started ClusterApplication in 14.841 seconds (JVM running for 16.74)
2022-11-28 23:14:04,769 INFO org.springframework.boot.StartupInfoLogger [restartedMain] Started ClusterApplication in 14.841 seconds (JVM running for 16.74)
2022-11-28 23:14:10,485 INFO org.apache.juli.logging.DirectJDKLog [http-nio-7078-exec-1] Error parsing HTTP request header
 Note: further occurrences of HTTP request parsing errors will be logged at DEBUG level.
java.lang.IllegalArgumentException: Invalid character found in method name [0x160x030x010x020x000x010x000x010xfc0x030x030xdde0x9c0xfa0xee0x930x870xb80x9d0xe30x0e/;0x0c0x85V0xfa0xd10xfb ]. HTTP method names must be tokens
	at org.apache.coyote.http11.Http11InputBuffer.parseRequestLine(Http11InputBuffer.java:419)
	at org.apache.coyote.http11.Http11Processor.service(Http11Processor.java:271)
	at org.apache.coyote.AbstractProcessorLight.process(AbstractProcessorLight.java:65)
	at org.apache.coyote.AbstractProtocol$ConnectionHandler.process(AbstractProtocol.java:889)
	at org.apache.tomcat.util.net.NioEndpoint$SocketProcessor.doRun(NioEndpoint.java:1735)
	at org.apache.tomcat.util.net.SocketProcessorBase.run(SocketProcessorBase.java:49)
	at org.apache.tomcat.util.threads.ThreadPoolExecutor.runWorker(ThreadPoolExecutor.java:1191)
	at org.apache.tomcat.util.threads.ThreadPoolExecutor$Worker.run(ThreadPoolExecutor.java:659)
	at org.apache.tomcat.util.threads.TaskThread$WrappingRunnable.run(TaskThread.java:61)
	at java.base/java.lang.Thread.run(Thread.java:833)
2022-11-28 23:14:10,535 INFO org.apache.juli.logging.DirectJDKLog [http-nio-7078-exec-2] Error parsing HTTP request header
 Note: further occurrences of HTTP request parsing errors will be logged at DEBUG level.
java.lang.IllegalArgumentException: Invalid character found in method name [0x160x030x010x020x000x010x000x010xfc0x030x030xe70xc10x860x9d0x930xb80xcc0x970xdc0xe30x920x0a0xce0xdc:;0xfc0xa30xc80xcf]00xff@0xc20x150xba0A{R1 ]. HTTP method names must be tokens
	at org.apache.coyote.http11.Http11InputBuffer.parseRequestLine(Http11InputBuffer.java:419)
	at org.apache.coyote.http11.Http11Processor.service(Http11Processor.java:271)
	at org.apache.coyote.AbstractProcessorLight.process(AbstractProcessorLight.java:65)
	at org.apache.coyote.AbstractProtocol$ConnectionHandler.process(AbstractProtocol.java:889)
	at org.apache.tomcat.util.net.NioEndpoint$SocketProcessor.doRun(NioEndpoint.java:1735)
	at org.apache.tomcat.util.net.SocketProcessorBase.run(SocketProcessorBase.java:49)
	at org.apache.tomcat.util.threads.ThreadPoolExecutor.runWorker(ThreadPoolExecutor.java:1191)
	at org.apache.tomcat.util.threads.ThreadPoolExecutor$Worker.run(ThreadPoolExecutor.java:659)
	at org.apache.tomcat.util.threads.TaskThread$WrappingRunnable.run(TaskThread.java:61)
	at java.base/java.lang.Thread.run(Thread.java:833)
2022-11-28 23:22:38,586 INFO com.zaxxer.hikari.HikariDataSource [SpringApplicationShutdownHook] SpringBootJPAHikariCP - Shutdown initiated...
2022-11-28 23:22:38,611 INFO com.zaxxer.hikari.HikariDataSource [SpringApplicationShutdownHook] SpringBootJPAHikariCP - Shutdown completed.
2022-11-28 23:22:45,432 INFO org.springframework.boot.StartupInfoLogger [restartedMain] Starting ClusterApplication using Java 18.0.2.1 on RASHIDBEK with PID 11960 (E:\projects\template-backend\target\classes started by arslon in E:\projects\template-backend)
2022-11-28 23:22:45,432 INFO org.springframework.boot.StartupInfoLogger [restartedMain] Starting ClusterApplication using Java 18.0.2.1 on RASHIDBEK with PID 11960 (E:\projects\template-backend\target\classes started by arslon in E:\projects\template-backend)
2022-11-28 23:22:45,436 INFO org.springframework.boot.SpringApplication [restartedMain] No active profile set, falling back to 1 default profile: "default"
2022-11-28 23:22:45,436 INFO org.springframework.boot.SpringApplication [restartedMain] No active profile set, falling back to 1 default profile: "default"
2022-11-28 23:22:48,870 INFO org.apache.juli.logging.DirectJDKLog [restartedMain] Initializing ProtocolHandler ["https-jsse-nio-6060"]
2022-11-28 23:22:48,871 INFO org.apache.juli.logging.DirectJDKLog [restartedMain] Initializing ProtocolHandler ["http-nio-7078"]
2022-11-28 23:22:48,876 INFO org.apache.juli.logging.DirectJDKLog [restartedMain] Starting service [Tomcat]
2022-11-28 23:22:48,876 INFO org.apache.juli.logging.DirectJDKLog [restartedMain] Starting Servlet engine: [Apache Tomcat/9.0.58]
2022-11-28 23:22:49,003 INFO org.apache.juli.logging.DirectJDKLog [restartedMain] Initializing Spring embedded WebApplicationContext
2022-11-28 23:22:49,885 INFO org.hibernate.jpa.internal.util.LogHelper [restartedMain] HHH000204: Processing PersistenceUnitInfo [name: default]
2022-11-28 23:22:49,981 INFO org.hibernate.Version [restartedMain] HHH000412: Hibernate ORM core version 5.6.5.Final
2022-11-28 23:22:50,191 INFO org.hibernate.annotations.common.reflection.java.JavaReflectionManager [restartedMain] HCANN000001: Hibernate Commons Annotations {5.1.2.Final}
2022-11-28 23:22:50,331 INFO com.zaxxer.hikari.HikariDataSource [restartedMain] SpringBootJPAHikariCP - Starting...
2022-11-28 23:22:50,545 INFO com.zaxxer.hikari.HikariDataSource [restartedMain] SpringBootJPAHikariCP - Start completed.
2022-11-28 23:22:50,566 INFO org.hibernate.dialect.Dialect [restartedMain] HHH000400: Using dialect: uz.cluster.configuration.PostgreSQLCustomDialect
2022-11-28 23:22:50,663 INFO org.hibernate.envers.boot.internal.EnversServiceImpl [restartedMain] Envers integration enabled? : true
2022-11-28 23:22:54,050 INFO org.hibernate.engine.transaction.jta.platform.internal.JtaPlatformInitiator [restartedMain] HHH000490: Using JtaPlatform implementation: [org.hibernate.engine.transaction.jta.platform.internal.NoJtaPlatform]
2022-11-28 23:22:59,660 INFO org.apache.juli.logging.DirectJDKLog [restartedMain] Starting ProtocolHandler ["https-jsse-nio-6060"]
2022-11-28 23:23:00,063 INFO org.apache.juli.logging.DirectJDKLog [restartedMain] Starting ProtocolHandler ["http-nio-7078"]
2022-11-28 23:23:00,133 INFO org.springframework.boot.StartupInfoLogger [restartedMain] Started ClusterApplication in 15.217 seconds (JVM running for 17.882)
2022-11-28 23:23:00,133 INFO org.springframework.boot.StartupInfoLogger [restartedMain] Started ClusterApplication in 15.217 seconds (JVM running for 17.882)
2022-11-28 23:23:21,626 INFO org.apache.juli.logging.DirectJDKLog [http-nio-7078-exec-1] Error parsing HTTP request header
 Note: further occurrences of HTTP request parsing errors will be logged at DEBUG level.
java.lang.IllegalArgumentException: Invalid character found in method name [0x160x030x010x020x000x010x000x010xfc0x030x030xa1f0xedy0x85(0x97N]0xf90xe10x190x160x9f0x970x0fp0xea0x0a0x860xf10xeb0x960x8c40xb1h5U0x8d0x980x05 ]. HTTP method names must be tokens
	at org.apache.coyote.http11.Http11InputBuffer.parseRequestLine(Http11InputBuffer.java:419)
	at org.apache.coyote.http11.Http11Processor.service(Http11Processor.java:271)
	at org.apache.coyote.AbstractProcessorLight.process(AbstractProcessorLight.java:65)
	at org.apache.coyote.AbstractProtocol$ConnectionHandler.process(AbstractProtocol.java:889)
	at org.apache.tomcat.util.net.NioEndpoint$SocketProcessor.doRun(NioEndpoint.java:1735)
	at org.apache.tomcat.util.net.SocketProcessorBase.run(SocketProcessorBase.java:49)
	at org.apache.tomcat.util.threads.ThreadPoolExecutor.runWorker(ThreadPoolExecutor.java:1191)
	at org.apache.tomcat.util.threads.ThreadPoolExecutor$Worker.run(ThreadPoolExecutor.java:659)
	at org.apache.tomcat.util.threads.TaskThread$WrappingRunnable.run(TaskThread.java:61)
	at java.base/java.lang.Thread.run(Thread.java:833)
2022-11-28 23:23:21,667 INFO org.apache.juli.logging.DirectJDKLog [http-nio-7078-exec-2] Error parsing HTTP request header
 Note: further occurrences of HTTP request parsing errors will be logged at DEBUG level.
java.lang.IllegalArgumentException: Invalid character found in method name [0x160x030x010x020x000x010x000x010xfc0x030x030x0e0xbd0x880x17a0xe80xb90xf80x16!0x8b0x830xa10x900x140x0c0xc00x890x10;730x8f0x850xf00xa30x1c0xed%0x8840x8d ]. HTTP method names must be tokens
	at org.apache.coyote.http11.Http11InputBuffer.parseRequestLine(Http11InputBuffer.java:419)
	at org.apache.coyote.http11.Http11Processor.service(Http11Processor.java:271)
	at org.apache.coyote.AbstractProcessorLight.process(AbstractProcessorLight.java:65)
	at org.apache.coyote.AbstractProtocol$ConnectionHandler.process(AbstractProtocol.java:889)
	at org.apache.tomcat.util.net.NioEndpoint$SocketProcessor.doRun(NioEndpoint.java:1735)
	at org.apache.tomcat.util.net.SocketProcessorBase.run(SocketProcessorBase.java:49)
	at org.apache.tomcat.util.threads.ThreadPoolExecutor.runWorker(ThreadPoolExecutor.java:1191)
	at org.apache.tomcat.util.threads.ThreadPoolExecutor$Worker.run(ThreadPoolExecutor.java:659)
	at org.apache.tomcat.util.threads.TaskThread$WrappingRunnable.run(TaskThread.java:61)
	at java.base/java.lang.Thread.run(Thread.java:833)
2022-11-28 23:30:28,491 INFO com.zaxxer.hikari.HikariDataSource [SpringApplicationShutdownHook] SpringBootJPAHikariCP - Shutdown initiated...
2022-11-28 23:30:28,514 INFO com.zaxxer.hikari.HikariDataSource [SpringApplicationShutdownHook] SpringBootJPAHikariCP - Shutdown completed.
2022-11-28 23:32:11,997 INFO org.springframework.boot.StartupInfoLogger [restartedMain] Starting ClusterApplication using Java 18.0.2.1 on RASHIDBEK with PID 10688 (E:\projects\template-backend\target\classes started by arslon in E:\projects\template-backend)
2022-11-28 23:32:11,997 INFO org.springframework.boot.StartupInfoLogger [restartedMain] Starting ClusterApplication using Java 18.0.2.1 on RASHIDBEK with PID 10688 (E:\projects\template-backend\target\classes started by arslon in E:\projects\template-backend)
2022-11-28 23:32:12,000 INFO org.springframework.boot.SpringApplication [restartedMain] No active profile set, falling back to 1 default profile: "default"
2022-11-28 23:32:12,000 INFO org.springframework.boot.SpringApplication [restartedMain] No active profile set, falling back to 1 default profile: "default"
2022-11-28 23:32:15,294 INFO org.apache.juli.logging.DirectJDKLog [restartedMain] Initializing ProtocolHandler ["https-jsse-nio-6060"]
2022-11-28 23:32:15,295 INFO org.apache.juli.logging.DirectJDKLog [restartedMain] Initializing ProtocolHandler ["http-nio-7078"]
2022-11-28 23:32:15,299 INFO org.apache.juli.logging.DirectJDKLog [restartedMain] Starting service [Tomcat]
2022-11-28 23:32:15,299 INFO org.apache.juli.logging.DirectJDKLog [restartedMain] Starting Servlet engine: [Apache Tomcat/9.0.58]
2022-11-28 23:32:15,421 INFO org.apache.juli.logging.DirectJDKLog [restartedMain] Initializing Spring embedded WebApplicationContext
2022-11-28 23:32:16,282 INFO org.hibernate.jpa.internal.util.LogHelper [restartedMain] HHH000204: Processing PersistenceUnitInfo [name: default]
2022-11-28 23:32:16,380 INFO org.hibernate.Version [restartedMain] HHH000412: Hibernate ORM core version 5.6.5.Final
2022-11-28 23:32:16,606 INFO org.hibernate.annotations.common.reflection.java.JavaReflectionManager [restartedMain] HCANN000001: Hibernate Commons Annotations {5.1.2.Final}
2022-11-28 23:32:16,829 INFO com.zaxxer.hikari.HikariDataSource [restartedMain] SpringBootJPAHikariCP - Starting...
2022-11-28 23:32:17,016 INFO com.zaxxer.hikari.HikariDataSource [restartedMain] SpringBootJPAHikariCP - Start completed.
2022-11-28 23:32:17,039 INFO org.hibernate.dialect.Dialect [restartedMain] HHH000400: Using dialect: uz.cluster.configuration.PostgreSQLCustomDialect
2022-11-28 23:32:17,098 INFO org.hibernate.envers.boot.internal.EnversServiceImpl [restartedMain] Envers integration enabled? : true
2022-11-28 23:32:19,761 INFO org.hibernate.engine.transaction.jta.platform.internal.JtaPlatformInitiator [restartedMain] HHH000490: Using JtaPlatform implementation: [org.hibernate.engine.transaction.jta.platform.internal.NoJtaPlatform]
2022-11-28 23:32:25,902 INFO org.apache.juli.logging.DirectJDKLog [restartedMain] Starting ProtocolHandler ["https-jsse-nio-6060"]
2022-11-28 23:32:26,319 INFO org.apache.juli.logging.DirectJDKLog [restartedMain] Starting ProtocolHandler ["http-nio-7078"]
2022-11-28 23:32:26,350 INFO org.springframework.boot.StartupInfoLogger [restartedMain] Started ClusterApplication in 15.096 seconds (JVM running for 17.825)
2022-11-28 23:32:26,350 INFO org.springframework.boot.StartupInfoLogger [restartedMain] Started ClusterApplication in 15.096 seconds (JVM running for 17.825)
2022-11-28 23:32:26,615 INFO org.apache.juli.logging.DirectJDKLog [RMI TCP Connection(2)-26.83.87.67] Initializing Spring DispatcherServlet 'dispatcherServlet'
2022-11-28 23:32:34,989 INFO org.springdoc.api.AbstractOpenApiResource [https-jsse-nio-6060-exec-10] Init duration for springdoc-openapi is: 480 ms
2022-11-28 23:33:19,024 ERROR uz.cluster.configuration.JwtAuthenticationEntryPoint [https-jsse-nio-6060-exec-4] Responding with unauthorized error. Message - Full authentication is required to access this resource
2022-11-28 23:33:19,024 ERROR uz.cluster.configuration.JwtAuthenticationEntryPoint [https-jsse-nio-6060-exec-4] Responding with unauthorized error. Message - Full authentication is required to access this resource
2022-11-28 23:48:10,140 INFO com.zaxxer.hikari.HikariDataSource [SpringApplicationShutdownHook] SpringBootJPAHikariCP - Shutdown initiated...
2022-11-28 23:48:10,150 INFO com.zaxxer.hikari.HikariDataSource [SpringApplicationShutdownHook] SpringBootJPAHikariCP - Shutdown completed.
